<?xml version="1.0" encoding="utf-8"?><testsuites name="pytest tests"><testsuite name="pytest" errors="0" failures="1" skipped="0" tests="17" time="0.669" timestamp="2026-07-23T04:20:43.903226+00:00" hostname="agent-env-680d7147-b5a2-4285-a64c-e7132959f99d"><testcase classname="backend.tests.test_auth" name="test_register_returns_tokens" time="0.028" /><testcase classname="backend.tests.test_auth" name="test_login_returns_tokens" time="0.024" /><testcase classname="backend.tests.test_auth" name="test_refresh_returns_new_tokens" time="0.021" /><testcase classname="backend.tests.test_auth" name="test_login_missing_password_returns_422" time="0.025" /><testcase classname="backend.tests.test_health" name="test_health_returns_ok" time="0.017" /><testcase classname="backend.tests.test_wix_billing_integration.TestHealth" name="test_health_ok" time="0.003" /><testcase classname="backend.tests.test_wix_billing_integration.TestHealth" name="test_root_returns_json" time="0.001" /><testcase classname="backend.tests.test_wix_billing_integration.TestWixSyncAuth" name="test_missing_auth_returns_401" time="0.120" /><testcase classname="backend.tests.test_wix_billing_integration.TestWixSyncAuth" name="test_wrong_secret_returns_401" time="0.133" /><testcase classname="backend.tests.test_wix_billing_integration.TestWixSyncAuth" name="test_correct_secret_header_reaches_db_layer" time="0.027" /><testcase classname="backend.tests.test_wix_billing_integration.TestWixSyncAuth" name="test_correct_secret_bearer_reaches_db_layer" time="0.028" /><testcase classname="backend.tests.test_wix_billing_integration.TestWixSyncAuth" name="test_invalid_email_returns_422" time="0.027" /><testcase classname="backend.tests.test_wix_billing_integration.TestApiKeyAuth" name="test_wrong_secret_returns_401" time="0.027" /><testcase classname="backend.tests.test_wix_billing_integration.TestApiKeyAuth" name="test_correct_secret_reaches_db_layer" time="0.029" /><testcase classname="backend.tests.test_wix_billing_integration.TestStripeHidden" name="test_list_plans_returns_503_stripe_disabled" time="0.029" /><testcase classname="backend.tests.test_wix_billing_integration.TestStripeHidden" name="test_checkout_returns_503_not_500" time="0.026" /><testcase classname="backend.tests.test_wix_billing_integration.TestProtectedEndpoint" name="test_user_me_requires_auth" time="0.030"><failure message="AssertionError: Expected 401/403, got 422: {&quot;detail&quot;:[{&quot;type&quot;:&quot;missing&quot;,&quot;loc&quot;:[&quot;header&quot;,&quot;authorization&quot;],&quot;msg&quot;:&quot;Field required&quot;,&quot;input&quot;:null}]}&#10;assert 422 in (401, 403)&#10; +  where 422 = &lt;Response [422]&gt;.status_code">tests/test_wix_billing_integration.py:196: in test_user_me_requires_auth
    assert r.status_code in (401, 403), f"Expected 401/403, got {r.status_code}: {r.text}"
E   AssertionError: Expected 401/403, got 422: {"detail":[{"type":"missing","loc":["header","authorization"],"msg":"Field required","input":null}]}
E   assert 422 in (401, 403)
E    +  where 422 = &lt;Response [422]&gt;.status_code</failure></testcase></testsuite></testsuites>