<?xml version="1.0" encoding="utf-8"?><testsuites name="pytest tests"><testsuite name="pytest" errors="0" failures="0" skipped="0" tests="16" time="0.327" timestamp="2026-07-24T18:05:41.352721+00:00" hostname="agent-env-680d7147-b5a2-4285-a64c-e7132959f99d"><testcase classname="backend.tests.test_paypal_endpoints.TestPaypalConfig" name="test_config_returns_unconfigured_shape" time="0.015" /><testcase classname="backend.tests.test_paypal_endpoints.TestPaypalOrders" name="test_orders_returns_503_when_unconfigured" time="0.066" /><testcase classname="backend.tests.test_paypal_endpoints.TestPaypalOrders" name="test_orders_invalid_email_returns_422" time="0.014" /><testcase classname="backend.tests.test_paypal_endpoints.TestPaypalSubscriptions" name="test_subscriptions_pro_returns_503_when_unconfigured" time="0.015" /><testcase classname="backend.tests.test_paypal_endpoints.TestPaypalSubscriptions" name="test_subscriptions_free_tier_still_503_when_unconfigured" time="0.015" /><testcase classname="backend.tests.test_paypal_endpoints.TestPaypalSubscriptions" name="test_subscriptions_invalid_email_returns_422" time="0.014" /><testcase classname="backend.tests.test_paypal_endpoints.TestPaypalAdminSetupPlans" name="test_setup_plans_with_correct_admin_returns_503_when_unconfigured" time="0.014" /><testcase classname="backend.tests.test_paypal_endpoints.TestPaypalAdminSetupPlans" name="test_setup_plans_without_admin_returns_503_when_unconfigured" time="0.015" /><testcase classname="backend.tests.test_paypal_endpoints.TestPaypalAdminSetupPlans" name="test_setup_plans_wrong_admin_returns_503_when_unconfigured" time="0.013" /><testcase classname="backend.tests.test_paypal_endpoints.TestPaypalWebhook" name="test_webhook_returns_503_when_unconfigured" time="0.016" /><testcase classname="backend.tests.test_paypal_endpoints.TestWixSyncRegression" name="test_wix_sync_wrong_secret_returns_401" time="0.015" /><testcase classname="backend.tests.test_paypal_endpoints.TestWixSyncRegression" name="test_wix_sync_missing_secret_returns_401" time="0.014" /><testcase classname="backend.tests.test_paypal_endpoints.TestWixSyncRegression" name="test_wix_sync_correct_secret_reaches_db_returns_503" time="0.023" /><testcase classname="backend.tests.test_paypal_endpoints.TestBillingPlansRegression" name="test_plans_returns_503" time="0.016" /><testcase classname="backend.tests.test_paypal_endpoints.TestHealthRegression" name="test_health_returns_200" time="0.013" /><testcase classname="backend.tests.test_health" name="test_health_returns_ok" time="0.016" /></testsuite></testsuites>